{"level":"error","message":"error 메세지","timestamp":"2023-03-10 15:26:05"}
{"level":"warn","message":"warn 메세지","timestamp":"2023-03-10 15:26:05"}
{"level":"info","message":"info 메세지","timestamp":"2023-03-10 15:26:05"}
{"level":"http","message":"http 메세지","timestamp":"2023-03-10 15:26:05"}
{"level":"debug","message":"debug 메세지","timestamp":"2023-03-10 15:26:05"}
{"level":"error","message":"error 메세지","timestamp":"2023-03-10 15:26:07"}
{"level":"warn","message":"warn 메세지","timestamp":"2023-03-10 15:26:07"}
{"level":"info","message":"info 메세지","timestamp":"2023-03-10 15:26:07"}
{"level":"http","message":"http 메세지","timestamp":"2023-03-10 15:26:07"}
{"level":"debug","message":"debug 메세지","timestamp":"2023-03-10 15:26:07"}
{"level":"error","message":"error 메세지","timestamp":"2023-03-10 15:26:11"}
{"level":"warn","message":"warn 메세지","timestamp":"2023-03-10 15:26:11"}
{"level":"info","message":"info 메세지","timestamp":"2023-03-10 15:26:11"}
{"level":"http","message":"http 메세지","timestamp":"2023-03-10 15:26:11"}
{"level":"debug","message":"debug 메세지","timestamp":"2023-03-10 15:26:11"}
{"level":"error","message":"error 메세지","timestamp":"2023-03-10 15:26:57"}
{"level":"warn","message":"warn 메세지","timestamp":"2023-03-10 15:26:57"}
{"level":"info","message":"info 메세지","timestamp":"2023-03-10 15:26:57"}
{"level":"http","message":"http 메세지","timestamp":"2023-03-10 15:26:57"}
{"level":"debug","message":"debug 메세지","timestamp":"2023-03-10 15:26:57"}
{"level":"error","message":"error 메세지","timestamp":"2023-03-10 15:27:14"}
{"level":"warn","message":"warn 메세지","timestamp":"2023-03-10 15:27:14"}
{"level":"info","message":"info 메세지","timestamp":"2023-03-10 15:27:14"}
{"level":"http","message":"http 메세지","timestamp":"2023-03-10 15:27:14"}
{"level":"debug","message":"debug 메세지","timestamp":"2023-03-10 15:27:14"}
{"level":"error","message":"error 메세지","timestamp":"2023-03-10 15:27:24"}
{"level":"warn","message":"warn 메세지","timestamp":"2023-03-10 15:27:24"}
{"level":"info","message":"info 메세지","timestamp":"2023-03-10 15:27:24"}
{"level":"http","message":"http 메세지","timestamp":"2023-03-10 15:27:24"}
{"level":"debug","message":"debug 메세지","timestamp":"2023-03-10 15:27:24"}
{"level":"error","message":"error 메세지","timestamp":"2023-03-10 15:34:26"}
{"level":"warn","message":"warn 메세지","timestamp":"2023-03-10 15:34:26"}
{"level":"info","message":"info 메세지","timestamp":"2023-03-10 15:34:26"}
{"level":"http","message":"http 메세지","timestamp":"2023-03-10 15:34:26"}
{"level":"debug","message":"debug 메세지","timestamp":"2023-03-10 15:34:26"}
